{"level":"info","message":"Database connection successful.","timestamp":"2025-29-04 23:29"}
{"level":"info","message":"Server running on port 8080","timestamp":"2025-29-04 23:29"}
{"level":"info","message":{"ip":"::1","method":"POST","path":"/api/user/login","userAgent":"PostmanRuntime/7.43.0"},"timestamp":"2025-29-04 23:29"}
{"level":"error","message":"Password Incorrect please provide correct password","timestamp":"2025-29-04 23:29"}
{"level":"info","message":"Database connection successful.","timestamp":"2025-29-04 23:29"}
{"level":"info","message":"Server running on port 8080","timestamp":"2025-29-04 23:29"}
{"level":"error","message":"Expected double-quoted property name in JSON at position 57","method":"POST","path":"/api/user/login","stack":"SyntaxError: Expected double-quoted property name in JSON at position 57\n    at JSON.parse (<anonymous>)\n    at parse (D:\\Express Starter Node\\node_modules\\body-parser\\lib\\types\\json.js:92:19)\n    at D:\\Express Starter Node\\node_modules\\body-parser\\lib\\read.js:128:18\n    at AsyncResource.runInAsyncScope (node:async_hooks:206:9)\n    at invokeCallback (D:\\Express Starter Node\\node_modules\\raw-body\\index.js:238:16)\n    at done (D:\\Express Starter Node\\node_modules\\raw-body\\index.js:227:7)\n    at IncomingMessage.onEnd (D:\\Express Starter Node\\node_modules\\raw-body\\index.js:287:7)\n    at IncomingMessage.emit (node:events:514:28)\n    at endReadableNT (node:internal/streams/readable:1408:12)\n    at processTicksAndRejections (node:internal/process/task_queues:82:21)","timestamp":"2025-29-04 23:29"}
{"level":"info","message":{"ip":"::1","method":"POST","path":"/api/user/login","userAgent":"PostmanRuntime/7.43.0"},"timestamp":"2025-30-04 23:30"}
{"level":"error","message":"Password Incorrect please provide correct password","timestamp":"2025-30-04 23:30"}
{"level":"info","message":{"ip":"::1","method":"POST","path":"/api/user/login","userAgent":"PostmanRuntime/7.43.0"},"timestamp":"2025-30-04 23:30"}
{"level":"error","message":"Expected ',' or '}' after property value in JSON at position 28","method":"POST","path":"/api/user/login","stack":"SyntaxError: Expected ',' or '}' after property value in JSON at position 28\n    at JSON.parse (<anonymous>)\n    at parse (D:\\Express Starter Node\\node_modules\\body-parser\\lib\\types\\json.js:92:19)\n    at D:\\Express Starter Node\\node_modules\\body-parser\\lib\\read.js:128:18\n    at AsyncResource.runInAsyncScope (node:async_hooks:206:9)\n    at invokeCallback (D:\\Express Starter Node\\node_modules\\raw-body\\index.js:238:16)\n    at done (D:\\Express Starter Node\\node_modules\\raw-body\\index.js:227:7)\n    at IncomingMessage.onEnd (D:\\Express Starter Node\\node_modules\\raw-body\\index.js:287:7)\n    at IncomingMessage.emit (node:events:514:28)\n    at endReadableNT (node:internal/streams/readable:1408:12)\n    at processTicksAndRejections (node:internal/process/task_queues:82:21)","timestamp":"2025-30-04 23:30"}
{"level":"info","message":{"ip":"::1","method":"POST","path":"/api/user/login","userAgent":"PostmanRuntime/7.43.0"},"timestamp":"2025-30-04 23:30"}
{"level":"error","message":"Password Incorrect please provide correct password","timestamp":"2025-30-04 23:30"}
{"level":"info","message":{"ip":"::1","method":"POST","path":"/api/user/login","userAgent":"PostmanRuntime/7.43.0"},"timestamp":"2025-30-04 23:30"}
{"level":"info","message":{"ip":"::1","method":"POST","path":"/api/user/login","userAgent":"PostmanRuntime/7.43.0"},"timestamp":"2025-31-04 23:31"}
{"level":"info","message":{"ip":"::1","method":"POST","path":"/api/user/logout","userAgent":"PostmanRuntime/7.43.0"},"timestamp":"2025-31-04 23:31"}
{"level":"info","message":"Database connection successful.","timestamp":"2025-32-04 23:32"}
{"level":"info","message":"Server running on port 8080","timestamp":"2025-32-04 23:32"}
{"level":"info","message":{"ip":"::1","method":"POST","path":"/api/user/logout","userAgent":"PostmanRuntime/7.43.0"},"timestamp":"2025-32-04 23:32"}
{"level":"info","message":"Database connection successful.","timestamp":"2025-32-04 23:32"}
{"level":"info","message":"Server running on port 8080","timestamp":"2025-32-04 23:32"}
